#-----------------------------------------------------------
# Vivado v2023.2 (64-bit)
# SW Build 4029153 on Fri Oct 13 20:14:34 MDT 2023
# IP Build 4028589 on Sat Oct 14 00:45:43 MDT 2023
# SharedData Build 4025554 on Tue Oct 10 17:18:54 MDT 2023
# Start of session at: Wed Feb 25 15:10:19 2026
# Process ID: 11984
# Current directory: C:/Users/eceai/Desktop/bbox/bbox/project_2
# Command line: vivado.exe -gui_launcher_event rodinguilauncherevent11192 C:\Users\eceai\Desktop\bbox\bbox\project_2\project_mvp.xpr
# Log file: C:/Users/eceai/Desktop/bbox/bbox/project_2/vivado.log
# Journal file: C:/Users/eceai/Desktop/bbox/bbox/project_2\vivado.jou
# Running On: DESKTOP-M3I6DFL, OS: Windows, CPU Frequency: 2112 MHz, CPU Physical cores: 12, Host memory: 16881 MB
#-----------------------------------------------------------
start_gui
open_project C:/Users/eceai/Desktop/bbox/bbox/project_2/project_mvp.xpr
WARNING: [Board 49-26] cannot add Board Part xilinx.com:vek280_es:part0:1.0 available at D:/Vivado/2023.2/data/xhub/boards/XilinxBoardStore/boards/Xilinx/vek280/es/rev_a/1.0/board.xml as part xcve2802-vsvh1760-2lp-e-s-es1 specified in board_part file is either invalid or not available
WARNING: [Board 49-26] cannot add Board Part xilinx.com:vek280_es:part0:1.1 available at D:/Vivado/2023.2/data/xhub/boards/XilinxBoardStore/boards/Xilinx/vek280/es/rev_a/1.1/board.xml as part xcve2802-vsvh1760-2lp-e-s-es1 specified in board_part file is either invalid or not available
WARNING: [Board 49-26] cannot add Board Part xilinx.com:vek280_es_revb:part0:1.0 available at D:/Vivado/2023.2/data/xhub/boards/XilinxBoardStore/boards/Xilinx/vek280/es/rev_b/1.0/board.xml as part xcve2802-vsvh1760-2mp-e-s-es1 specified in board_part file is either invalid or not available
WARNING: [Board 49-26] cannot add Board Part xilinx.com:vek280_es_revb:part0:1.1 available at D:/Vivado/2023.2/data/xhub/boards/XilinxBoardStore/boards/Xilinx/vek280/es/rev_b/1.1/board.xml as part xcve2802-vsvh1760-2mp-e-s-es1 specified in board_part file is either invalid or not available
WARNING: [Board 49-26] cannot add Board Part xilinx.com:vhk158_es:part0:1.0 available at D:/Vivado/2023.2/data/xhub/boards/XilinxBoardStore/boards/Xilinx/vhk158/es/1.0/board.xml as part xcvh1582-vsva3697-2mp-e-s-es1 specified in board_part file is either invalid or not available
WARNING: [Board 49-26] cannot add Board Part xilinx.com:vhk158_es:part0:1.1 available at D:/Vivado/2023.2/data/xhub/boards/XilinxBoardStore/boards/Xilinx/vhk158/es/1.1/board.xml as part xcvh1582-vsva3697-2mp-e-s-es1 specified in board_part file is either invalid or not available
WARNING: [Board 49-26] cannot add Board Part xilinx.com:zcu208ld:part0:2.0 available at D:/Vivado/2023.2/data/xhub/boards/XilinxBoardStore/boards/Xilinx/zcu208ld/production/2.0/board.xml as part xczu58dr-fsvg1517-2-i specified in board_part file is either invalid or not available
WARNING: [Board 49-26] cannot add Board Part xilinx.com:zcu216ld:part0:2.0 available at D:/Vivado/2023.2/data/xhub/boards/XilinxBoardStore/boards/Xilinx/zcu216ld/production/2.0/board.xml as part xczu59dr-ffvf1760-2-i specified in board_part file is either invalid or not available
WARNING: [Board 49-26] cannot add Board Part xilinx.com:zcu670:part0:2.0 available at D:/Vivado/2023.2/data/xhub/boards/XilinxBoardStore/boards/Xilinx/zcu670/2.0/board.xml as part xczu67dr-fsve1156-2-i specified in board_part file is either invalid or not available
WARNING: [Board 49-26] cannot add Board Part xilinx.com:zcu670ld:part0:1.0 available at D:/Vivado/2023.2/data/xhub/boards/XilinxBoardStore/boards/Xilinx/zcu670ld/1.0/board.xml as part xczu57dr-fsve1156-2-i specified in board_part file is either invalid or not available
INFO: [filemgmt 56-3] Default IP Output Path : Could not find the directory 'C:/Users/eceai/Desktop/bbox/bbox/project_2/project_mvp.gen/sources_1'.
Scanning sources...
Finished scanning sources
INFO: [IP_Flow 19-234] Refreshing IP repositories
INFO: [IP_Flow 19-1704] No user IP repositories specified
INFO: [IP_Flow 19-2313] Loaded Vivado IP repository 'D:/Vivado/2023.2/data/ip'.
open_project: Time (s): cpu = 00:00:16 ; elapsed = 00:00:07 . Memory (MB): peak = 1599.551 ; gain = 387.492
update_compile_order -fileset sources_1
reset_run synth_1
INFO: [Project 1-1161] Replacing file C:/Users/eceai/Desktop/bbox/bbox/project_2/project_mvp.srcs/utils_1/imports/synth_1/top.dcp with file C:/Users/eceai/Desktop/bbox/bbox/project_2/project_mvp.runs/synth_1/top.dcp
WARNING: [filemgmt 56-199] Attempt to get parsing info during refresh. "On-the-fly" syntax checking information may be incorrect. [C:\Users\eceai\Desktop\bbox\bbox\project_2\project_mvp.srcs\sources_1\new\top.v:]
WARNING: [filemgmt 56-199] Attempt to get parsing info during refresh. "On-the-fly" syntax checking information may be incorrect. [C:\Users\eceai\Desktop\bbox\bbox\project_2\project_mvp.srcs\sources_1\new\cnn_production.v:]
ERROR: [Common 17-180] Spawn failed: No error
launch_runs synth_1 -jobs 10
WARNING: [filemgmt 56-199] Attempt to get parsing info during refresh. "On-the-fly" syntax checking information may be incorrect. [C:\Users\eceai\Desktop\bbox\bbox\project_2\project_mvp.srcs\sources_1\new\top.v:]
WARNING: [filemgmt 56-199] Attempt to get parsing info during refresh. "On-the-fly" syntax checking information may be incorrect. [C:\Users\eceai\Desktop\bbox\bbox\project_2\project_mvp.srcs\sources_1\new\cnn_production.v:]
ERROR: [Common 17-180] Spawn failed: No error
[Wed Feb 25 15:14:38 2026] Launched synth_1...
Run output will be captured here: C:/Users/eceai/Desktop/bbox/bbox/project_2/project_mvp.runs/synth_1/runme.log
launch_runs: Time (s): cpu = 00:00:03 ; elapsed = 00:00:45 . Memory (MB): peak = 1666.922 ; gain = 0.000
ERROR: [Common 17-39] 'launch_runs' failed due to earlier errors.
launch_runs impl_1 -jobs 10
[Wed Feb 25 15:16:03 2026] Launched impl_1...
Run output will be captured here: C:/Users/eceai/Desktop/bbox/bbox/project_2/project_mvp.runs/impl_1/runme.log
launch_runs: Time (s): cpu = 00:00:01 ; elapsed = 00:00:17 . Memory (MB): peak = 1666.922 ; gain = 0.000
launch_runs impl_1 -to_step write_bitstream -jobs 10
[Wed Feb 25 15:19:24 2026] Launched impl_1...
Run output will be captured here: C:/Users/eceai/Desktop/bbox/bbox/project_2/project_mvp.runs/impl_1/runme.log
open_hw_manager
connect_hw_server -allow_non_jtag
INFO: [Labtools 27-2285] Connecting to hw_server url TCP:localhost:3121
INFO: [Labtools 27-2222] Launching hw_server...
INFO: [Labtools 27-2221] Launch Output:

****** Xilinx hw_server v2023.2
  **** Build date : Oct 13 2023 at 21:31:40
    ** Copyright 1986-2022 Xilinx, Inc. All Rights Reserved.


INFO: [Labtools 27-3415] Connecting to cs_server url TCP:localhost:0
INFO: [Labtools 27-3417] Launching cs_server...
INFO: [Labtools 27-2221] Launch Output:


******** Xilinx cs_server v2023.2.0
  ****** Build date   : Oct 10 2023-09:31:56
    **** Build number : 2023.2.1696910516
      ** Copyright 2017-2022 Xilinx, Inc. All Rights Reserved.
      ** Copyright 2022-2026 Advanced Micro Devices, Inc. All Rights Reserved.



connect_hw_server: Time (s): cpu = 00:00:01 ; elapsed = 00:00:05 . Memory (MB): peak = 1666.922 ; gain = 0.000
open_hw_target
INFO: [Labtoolstcl 44-466] Opening hw_target localhost:3121/xilinx_tcf/Digilent/210319BCC337A
set_property PROGRAM.FILE {C:/Users/eceai/Desktop/bbox/bbox/project_2/project_mvp.runs/impl_1/top.bit} [get_hw_devices xc7a100t_0]
current_hw_device [get_hw_devices xc7a100t_0]
refresh_hw_device -update_hw_probes false [lindex [get_hw_devices xc7a100t_0] 0]
INFO: [Labtools 27-1434] Device xc7a100t (JTAG device index = 0) is programmed with a design that has no supported debug core(s) in it.
set_property PROBES.FILE {} [get_hw_devices xc7a100t_0]
set_property FULL_PROBES.FILE {} [get_hw_devices xc7a100t_0]
set_property PROGRAM.FILE {C:/Users/eceai/Desktop/bbox/bbox/project_2/project_mvp.runs/impl_1/top.bit} [get_hw_devices xc7a100t_0]
program_hw_devices [get_hw_devices xc7a100t_0]
INFO: [Labtools 27-3164] End of startup status: HIGH
refresh_hw_device [lindex [get_hw_devices xc7a100t_0] 0]
INFO: [Labtools 27-1434] Device xc7a100t (JTAG device index = 0) is programmed with a design that has no supported debug core(s) in it.
WARNING: [filemgmt 56-199] Attempt to get parsing info during refresh. "On-the-fly" syntax checking information may be incorrect. [C:\Users\eceai\Desktop\bbox\bbox\project_2\project_mvp.srcs\sources_1\new\top.v:]
WARNING: [filemgmt 56-199] Attempt to get parsing info during refresh. "On-the-fly" syntax checking information may be incorrect. [C:\Users\eceai\Desktop\bbox\bbox\project_2\project_mvp.srcs\sources_1\new\cnn_production.v:]
ERROR: [Common 17-180] Spawn failed: No error
reset_run synth_1
INFO: [Project 1-1161] Replacing file C:/Users/eceai/Desktop/bbox/bbox/project_2/project_mvp.srcs/utils_1/imports/synth_1/top.dcp with file C:/Users/eceai/Desktop/bbox/bbox/project_2/project_mvp.runs/synth_1/top.dcp
launch_runs synth_1 -jobs 10
[Wed Feb 25 15:33:18 2026] Launched synth_1...
Run output will be captured here: C:/Users/eceai/Desktop/bbox/bbox/project_2/project_mvp.runs/synth_1/runme.log
WARNING: [filemgmt 56-199] Attempt to get parsing info during refresh. "On-the-fly" syntax checking information may be incorrect. [C:\Users\eceai\Desktop\bbox\bbox\project_2\project_mvp.srcs\sources_1\new\top.v:]
WARNING: [filemgmt 56-199] Attempt to get parsing info during refresh. "On-the-fly" syntax checking information may be incorrect. [C:\Users\eceai\Desktop\bbox\bbox\project_2\project_mvp.srcs\sources_1\new\cnn_production.v:]
ERROR: [Common 17-180] Spawn failed: No error
launch_runs impl_1 -jobs 10
[Wed Feb 25 15:34:57 2026] Launched impl_1...
Run output will be captured here: C:/Users/eceai/Desktop/bbox/bbox/project_2/project_mvp.runs/impl_1/runme.log
launch_runs impl_1 -to_step write_bitstream -jobs 10
[Wed Feb 25 15:37:04 2026] Launched impl_1...
Run output will be captured here: C:/Users/eceai/Desktop/bbox/bbox/project_2/project_mvp.runs/impl_1/runme.log
set_property PROBES.FILE {} [get_hw_devices xc7a100t_0]
set_property FULL_PROBES.FILE {} [get_hw_devices xc7a100t_0]
set_property PROGRAM.FILE {C:/Users/eceai/Desktop/bbox/bbox/project_2/project_mvp.runs/impl_1/top.bit} [get_hw_devices xc7a100t_0]
program_hw_devices [get_hw_devices xc7a100t_0]
INFO: [Labtools 27-3164] End of startup status: HIGH
refresh_hw_device [lindex [get_hw_devices xc7a100t_0] 0]
INFO: [Labtools 27-1434] Device xc7a100t (JTAG device index = 0) is programmed with a design that has no supported debug core(s) in it.
set_property PROBES.FILE {} [get_hw_devices xc7a100t_0]
set_property FULL_PROBES.FILE {} [get_hw_devices xc7a100t_0]
set_property PROGRAM.FILE {C:/Users/eceai/Desktop/bbox/bbox/project_2/project_mvp.runs/impl_1/top.bit} [get_hw_devices xc7a100t_0]
program_hw_devices [get_hw_devices xc7a100t_0]
INFO: [Labtools 27-3164] End of startup status: HIGH
refresh_hw_device [lindex [get_hw_devices xc7a100t_0] 0]
INFO: [Labtools 27-1434] Device xc7a100t (JTAG device index = 0) is programmed with a design that has no supported debug core(s) in it.
refresh_hw_device [lindex [get_hw_devices xc7a100t_0] 0]
INFO: [Labtools 27-1434] Device xc7a100t (JTAG device index = 0) is programmed with a design that has no supported debug core(s) in it.
ERROR: [Labtoolstcl 44-513] HW Target shutdown. Closing target: localhost:3121/xilinx_tcf/Digilent/210319BCC337A
exit
INFO: [Common 17-206] Exiting Vivado at Wed Feb 25 16:20:36 2026...
