
*** Running vivado
    with args -log top.vds -m64 -product Vivado -mode batch -messageDb vivado.pb -notrace -source top.tcl



****** Vivado v2023.2 (64-bit)
  **** SW Build 4029153 on Fri Oct 13 20:14:34 MDT 2023
  **** IP Build 4028589 on Sat Oct 14 00:45:43 MDT 2023
  **** SharedData Build 4025554 on Tue Oct 10 17:18:54 MDT 2023
    ** Copyright 1986-2022 Xilinx, Inc. All Rights Reserved.
    ** Copyright 2022-2023 Advanced Micro Devices, Inc. All Rights Reserved.

source top.tcl -notrace
create_project: Time (s): cpu = 00:00:05 ; elapsed = 00:00:05 . Memory (MB): peak = 565.773 ; gain = 179.574
Command: read_checkpoint -auto_incremental -incremental C:/Users/eceai/Desktop/bbox/bbox/project_2/project_mvp.srcs/utils_1/imports/synth_1/top.dcp
INFO: [Vivado 12-5825] Read reference checkpoint from C:/Users/eceai/Desktop/bbox/bbox/project_2/project_mvp.srcs/utils_1/imports/synth_1/top.dcp for incremental synthesis
INFO: [Vivado 12-7989] Please ensure there are no constraint changes
Command: synth_design -top top -part xc7a100tcsg324-1
Starting synth_design
Attempting to get a license for feature 'Synthesis' and/or device 'xc7a100t'
INFO: [Common 17-349] Got license for feature 'Synthesis' and/or device 'xc7a100t'
INFO: [Device 21-403] Loading part xc7a100tcsg324-1
INFO: [Designutils 20-5440] No compile time benefit to using incremental synthesis; A full resynthesis will be run
INFO: [Designutils 20-4379] Flow is switching to default flow due to incremental criteria not met. If you would like to alter this behaviour and have the flow terminate instead, please set the following parameter config_implementation {autoIncr.Synth.RejectBehavior Terminate}
INFO: [Synth 8-7079] Multithreading enabled for synth_design using a maximum of 2 processes.
INFO: [Synth 8-7078] Launching helper process for spawning children vivado processes
INFO: [Synth 8-7075] Helper process launched with PID 17352
---------------------------------------------------------------------------------
Starting RTL Elaboration : Time (s): cpu = 00:00:02 ; elapsed = 00:00:03 . Memory (MB): peak = 1420.199 ; gain = 441.363
---------------------------------------------------------------------------------
INFO: [Synth 8-6157] synthesizing module 'top' [C:/Users/eceai/Desktop/bbox/bbox/project_2/project_mvp.srcs/sources_1/new/top.v:1]
INFO: [Synth 8-6157] synthesizing module 'ov7670_init' [C:/Users/eceai/Desktop/bbox/bbox/project_2/project_mvp.srcs/sources_1/new/ov7670_init.v:1]
INFO: [Synth 8-155] case statement is not full and has no default [C:/Users/eceai/Desktop/bbox/bbox/project_2/project_mvp.srcs/sources_1/new/ov7670_init.v:97]
INFO: [Synth 8-155] case statement is not full and has no default [C:/Users/eceai/Desktop/bbox/bbox/project_2/project_mvp.srcs/sources_1/new/ov7670_init.v:122]
INFO: [Synth 8-155] case statement is not full and has no default [C:/Users/eceai/Desktop/bbox/bbox/project_2/project_mvp.srcs/sources_1/new/ov7670_init.v:136]
INFO: [Synth 8-155] case statement is not full and has no default [C:/Users/eceai/Desktop/bbox/bbox/project_2/project_mvp.srcs/sources_1/new/ov7670_init.v:161]
INFO: [Synth 8-155] case statement is not full and has no default [C:/Users/eceai/Desktop/bbox/bbox/project_2/project_mvp.srcs/sources_1/new/ov7670_init.v:175]
INFO: [Synth 8-155] case statement is not full and has no default [C:/Users/eceai/Desktop/bbox/bbox/project_2/project_mvp.srcs/sources_1/new/ov7670_init.v:200]
INFO: [Synth 8-6155] done synthesizing module 'ov7670_init' (0#1) [C:/Users/eceai/Desktop/bbox/bbox/project_2/project_mvp.srcs/sources_1/new/ov7670_init.v:1]
INFO: [Synth 8-6157] synthesizing module 'cam_capture_rgb565_320x240' [C:/Users/eceai/Desktop/bbox/bbox/project_2/project_mvp.srcs/sources_1/new/cam_capture_rgb565_320x240.v:6]
INFO: [Synth 8-6155] done synthesizing module 'cam_capture_rgb565_320x240' (0#1) [C:/Users/eceai/Desktop/bbox/bbox/project_2/project_mvp.srcs/sources_1/new/cam_capture_rgb565_320x240.v:6]
INFO: [Synth 8-6157] synthesizing module 'frame_buffer_rgb565' [C:/Users/eceai/Desktop/bbox/bbox/project_2/project_mvp.srcs/sources_1/new/frame_buffer_rgb565.v:1]
	Parameter ADDR_WIDTH bound to: 17 - type: integer 
	Parameter FRAME_SIZE bound to: 76800 - type: integer 
INFO: [Synth 8-6155] done synthesizing module 'frame_buffer_rgb565' (0#1) [C:/Users/eceai/Desktop/bbox/bbox/project_2/project_mvp.srcs/sources_1/new/frame_buffer_rgb565.v:1]
INFO: [Synth 8-6157] synthesizing module 'vga_640x480' [C:/Users/eceai/Desktop/bbox/bbox/project_2/project_mvp.srcs/sources_1/new/vga_640x480.v:1]
INFO: [Synth 8-6155] done synthesizing module 'vga_640x480' (0#1) [C:/Users/eceai/Desktop/bbox/bbox/project_2/project_mvp.srcs/sources_1/new/vga_640x480.v:1]
INFO: [Synth 8-6157] synthesizing module 'resize_whole_640x480_to_64x64' [C:/Users/eceai/Desktop/bbox/bbox/project_2/project_mvp.srcs/sources_1/new/resize_whole_640x480_to_64x64.v:1]
INFO: [Synth 8-6155] done synthesizing module 'resize_whole_640x480_to_64x64' (0#1) [C:/Users/eceai/Desktop/bbox/bbox/project_2/project_mvp.srcs/sources_1/new/resize_whole_640x480_to_64x64.v:1]
INFO: [Synth 8-6157] synthesizing module 'gray64_mem' [C:/Users/eceai/Desktop/bbox/bbox/project_2/project_mvp.srcs/sources_1/new/gray64_mem.v:1]
INFO: [Synth 8-6155] done synthesizing module 'gray64_mem' (0#1) [C:/Users/eceai/Desktop/bbox/bbox/project_2/project_mvp.srcs/sources_1/new/gray64_mem.v:1]
INFO: [Synth 8-6157] synthesizing module 'gray64_stream' [C:/Users/eceai/Desktop/bbox/bbox/project_2/project_mvp.srcs/sources_1/new/gray64_stream.v:1]
INFO: [Synth 8-6155] done synthesizing module 'gray64_stream' (0#1) [C:/Users/eceai/Desktop/bbox/bbox/project_2/project_mvp.srcs/sources_1/new/gray64_stream.v:1]
INFO: [Synth 8-6157] synthesizing module 'cnn_production' [C:/Users/eceai/Desktop/bbox/bbox/project_2/project_mvp.srcs/sources_1/new/cnn_production.v:1]
INFO: [Synth 8-3876] $readmem data file 'weights.hex' is read successfully [C:/Users/eceai/Desktop/bbox/bbox/project_2/project_mvp.srcs/sources_1/new/cnn_production.v:18]
INFO: [Synth 8-6155] done synthesizing module 'cnn_production' (0#1) [C:/Users/eceai/Desktop/bbox/bbox/project_2/project_mvp.srcs/sources_1/new/cnn_production.v:1]
INFO: [Synth 8-6155] done synthesizing module 'top' (0#1) [C:/Users/eceai/Desktop/bbox/bbox/project_2/project_mvp.srcs/sources_1/new/top.v:1]
WARNING: [Synth 8-6014] Unused sequential element u_diff_reg was removed.  [C:/Users/eceai/Desktop/bbox/bbox/project_2/project_mvp.srcs/sources_1/new/cam_capture_rgb565_320x240.v:67]
WARNING: [Synth 8-6014] Unused sequential element v_diff_reg was removed.  [C:/Users/eceai/Desktop/bbox/bbox/project_2/project_mvp.srcs/sources_1/new/cam_capture_rgb565_320x240.v:68]
WARNING: [Synth 8-6014] Unused sequential element r_acc_reg was removed.  [C:/Users/eceai/Desktop/bbox/bbox/project_2/project_mvp.srcs/sources_1/new/cam_capture_rgb565_320x240.v:70]
WARNING: [Synth 8-6014] Unused sequential element g_acc_reg was removed.  [C:/Users/eceai/Desktop/bbox/bbox/project_2/project_mvp.srcs/sources_1/new/cam_capture_rgb565_320x240.v:71]
WARNING: [Synth 8-6014] Unused sequential element b_acc_reg was removed.  [C:/Users/eceai/Desktop/bbox/bbox/project_2/project_mvp.srcs/sources_1/new/cam_capture_rgb565_320x240.v:72]
WARNING: [Synth 8-6014] Unused sequential element r_tmp_reg was removed.  [C:/Users/eceai/Desktop/bbox/bbox/project_2/project_mvp.srcs/sources_1/new/cam_capture_rgb565_320x240.v:74]
WARNING: [Synth 8-6014] Unused sequential element g_tmp_reg was removed.  [C:/Users/eceai/Desktop/bbox/bbox/project_2/project_mvp.srcs/sources_1/new/cam_capture_rgb565_320x240.v:75]
WARNING: [Synth 8-6014] Unused sequential element b_tmp_reg was removed.  [C:/Users/eceai/Desktop/bbox/bbox/project_2/project_mvp.srcs/sources_1/new/cam_capture_rgb565_320x240.v:76]
WARNING: [Synth 8-6014] Unused sequential element r8_reg was removed.  [C:/Users/eceai/Desktop/bbox/bbox/project_2/project_mvp.srcs/sources_1/new/cam_capture_rgb565_320x240.v:78]
WARNING: [Synth 8-6014] Unused sequential element g8_reg was removed.  [C:/Users/eceai/Desktop/bbox/bbox/project_2/project_mvp.srcs/sources_1/new/cam_capture_rgb565_320x240.v:79]
WARNING: [Synth 8-6014] Unused sequential element b8_reg was removed.  [C:/Users/eceai/Desktop/bbox/bbox/project_2/project_mvp.srcs/sources_1/new/cam_capture_rgb565_320x240.v:80]
WARNING: [Synth 8-6014] Unused sequential element cnn_done_d_reg was removed.  [C:/Users/eceai/Desktop/bbox/bbox/project_2/project_mvp.srcs/sources_1/new/top.v:336]
WARNING: [Synth 8-6014] Unused sequential element frame_cnt_reg was removed.  [C:/Users/eceai/Desktop/bbox/bbox/project_2/project_mvp.srcs/sources_1/new/top.v:348]
WARNING: [Synth 8-6014] Unused sequential element led4_state_reg was removed.  [C:/Users/eceai/Desktop/bbox/bbox/project_2/project_mvp.srcs/sources_1/new/top.v:350]
WARNING: [Synth 8-3917] design top has port cam_reset driven by constant 1
WARNING: [Synth 8-3917] design top has port cam_pwdn driven by constant 0
WARNING: [Synth 8-7129] Port start in module cnn_production is either unconnected or has no load
---------------------------------------------------------------------------------
Finished RTL Elaboration : Time (s): cpu = 00:00:04 ; elapsed = 00:00:05 . Memory (MB): peak = 1543.141 ; gain = 564.305
---------------------------------------------------------------------------------
---------------------------------------------------------------------------------
Start Handling Custom Attributes
---------------------------------------------------------------------------------
---------------------------------------------------------------------------------
Finished Handling Custom Attributes : Time (s): cpu = 00:00:04 ; elapsed = 00:00:05 . Memory (MB): peak = 1543.141 ; gain = 564.305
---------------------------------------------------------------------------------
---------------------------------------------------------------------------------
Finished RTL Optimization Phase 1 : Time (s): cpu = 00:00:04 ; elapsed = 00:00:05 . Memory (MB): peak = 1543.141 ; gain = 564.305
---------------------------------------------------------------------------------
Netlist sorting complete. Time (s): cpu = 00:00:00 ; elapsed = 00:00:00.007 . Memory (MB): peak = 1543.141 ; gain = 0.000
INFO: [Project 1-570] Preparing netlist for logic optimization

Processing XDC Constraints
Initializing timing engine
Parsing XDC File [C:/Users/eceai/Desktop/bbox/bbox/project_2/project_mvp.srcs/constrs_1/new/abc.xdc]
WARNING: [Vivado 12-507] No nets matched 'cam_pclk_IBUF'. [C:/Users/eceai/Desktop/bbox/bbox/project_2/project_mvp.srcs/constrs_1/new/abc.xdc:54]
CRITICAL WARNING: [Common 17-55] 'set_property' expects at least one object. [C:/Users/eceai/Desktop/bbox/bbox/project_2/project_mvp.srcs/constrs_1/new/abc.xdc:54]
Resolution: If [get_<value>] was used to populate the object, check to make sure this command returns at least one valid object.
Finished Parsing XDC File [C:/Users/eceai/Desktop/bbox/bbox/project_2/project_mvp.srcs/constrs_1/new/abc.xdc]
INFO: [Project 1-236] Implementation specific constraints were found while reading constraint file [C:/Users/eceai/Desktop/bbox/bbox/project_2/project_mvp.srcs/constrs_1/new/abc.xdc]. These constraints will be ignored for synthesis but will be used in implementation. Impacted constraints are listed in the file [.Xil/top_propImpl.xdc].
Resolution: To avoid this warning, move constraints listed in [.Xil/top_propImpl.xdc] to another XDC file and exclude this new file from synthesis with the used_in_synthesis property (File Properties dialog in GUI) and re-run elaboration/synthesis.
Completed Processing XDC Constraints

Netlist sorting complete. Time (s): cpu = 00:00:00 ; elapsed = 00:00:00 . Memory (MB): peak = 1645.551 ; gain = 0.000
INFO: [Project 1-111] Unisim Transformation Summary:
No Unisim elements were transformed.

The system cannot find the path specified.
Constraint Validation Runtime : Time (s): cpu = 00:00:00 ; elapsed = 00:00:00.003 . Memory (MB): peak = 1645.551 ; gain = 0.000
INFO: [Designutils 20-5440] No compile time benefit to using incremental synthesis; A full resynthesis will be run
INFO: [Designutils 20-4379] Flow is switching to default flow due to incremental criteria not met. If you would like to alter this behaviour and have the flow terminate instead, please set the following parameter config_implementation {autoIncr.Synth.RejectBehavior Terminate}
---------------------------------------------------------------------------------
Finished Constraint Validation : Time (s): cpu = 00:00:08 ; elapsed = 00:00:09 . Memory (MB): peak = 1645.551 ; gain = 666.715
---------------------------------------------------------------------------------
---------------------------------------------------------------------------------
Start Loading Part and Timing Information
---------------------------------------------------------------------------------
Loading part: xc7a100tcsg324-1
---------------------------------------------------------------------------------
Finished Loading Part and Timing Information : Time (s): cpu = 00:00:08 ; elapsed = 00:00:09 . Memory (MB): peak = 1645.551 ; gain = 666.715
---------------------------------------------------------------------------------
---------------------------------------------------------------------------------
Start Applying 'set_property' XDC Constraints
---------------------------------------------------------------------------------
---------------------------------------------------------------------------------
Finished applying 'set_property' XDC Constraints : Time (s): cpu = 00:00:08 ; elapsed = 00:00:09 . Memory (MB): peak = 1645.551 ; gain = 666.715
---------------------------------------------------------------------------------
INFO: [Synth 8-802] inferred FSM for state register 'phase_reg' in module 'cam_capture_rgb565_320x240'
WARNING: [Synth 8-6040] Register mac_index_reg_rep driving address of a ROM cannot be packed in BRAM/URAM because of presence of initial value.
---------------------------------------------------------------------------------------------------
                   State |                     New Encoding |                Previous Encoding 
---------------------------------------------------------------------------------------------------
                  iSTATE |                             0001 |                               00
                 iSTATE0 |                             0010 |                               01
                 iSTATE1 |                             0100 |                               10
                 iSTATE2 |                             1000 |                               11
---------------------------------------------------------------------------------------------------
INFO: [Synth 8-3354] encoded FSM with state register 'phase_reg' using encoding 'one-hot' in module 'cam_capture_rgb565_320x240'
---------------------------------------------------------------------------------
Finished RTL Optimization Phase 2 : Time (s): cpu = 00:00:09 ; elapsed = 00:00:10 . Memory (MB): peak = 1645.551 ; gain = 666.715
---------------------------------------------------------------------------------
---------------------------------------------------------------------------------
Start RTL Component Statistics 
---------------------------------------------------------------------------------
Detailed RTL Component Info : 
+---Adders : 
	   2 Input   32 Bit       Adders := 1     
	   4 Input   18 Bit       Adders := 1     
	   2 Input   16 Bit       Adders := 1     
	   2 Input   13 Bit       Adders := 1     
	   2 Input   10 Bit       Adders := 5     
	   2 Input    9 Bit       Adders := 2     
	   2 Input    8 Bit       Adders := 1     
	   2 Input    7 Bit       Adders := 1     
	   2 Input    6 Bit       Adders := 4     
	   2 Input    5 Bit       Adders := 1     
	   2 Input    4 Bit       Adders := 1     
	   2 Input    2 Bit       Adders := 1     
+---Registers : 
	               32 Bit    Registers := 1     
	               17 Bit    Registers := 1     
	               16 Bit    Registers := 4     
	               13 Bit    Registers := 1     
	               12 Bit    Registers := 3     
	               10 Bit    Registers := 9     
	                9 Bit    Registers := 1     
	                8 Bit    Registers := 8     
	                6 Bit    Registers := 4     
	                4 Bit    Registers := 3     
	                2 Bit    Registers := 2     
	                1 Bit    Registers := 18    
+---RAMs : 
	            1200K Bit	(76800 X 16 bit)          RAMs := 1     
	              32K Bit	(4096 X 8 bit)          RAMs := 2     
+---Muxes : 
	   2 Input   16 Bit        Muxes := 1     
	  11 Input   16 Bit        Muxes := 1     
	   2 Input   12 Bit        Muxes := 3     
	   2 Input   10 Bit        Muxes := 1     
	   4 Input   10 Bit        Muxes := 1     
	  14 Input    8 Bit        Muxes := 2     
	   2 Input    8 Bit        Muxes := 6     
	   2 Input    6 Bit        Muxes := 9     
	  14 Input    4 Bit        Muxes := 2     
	   2 Input    4 Bit        Muxes := 11    
	   4 Input    4 Bit        Muxes := 1     
	  14 Input    2 Bit        Muxes := 1     
	   4 Input    2 Bit        Muxes := 1     
	   2 Input    1 Bit        Muxes := 48    
	   4 Input    1 Bit        Muxes := 14    
	  14 Input    1 Bit        Muxes := 11    
---------------------------------------------------------------------------------
Finished RTL Component Statistics 
---------------------------------------------------------------------------------
---------------------------------------------------------------------------------
Start Part Resource Summary
---------------------------------------------------------------------------------
Part Resources:
DSPs: 240 (col length:80)
BRAMs: 270 (col length: RAMB18 80 RAMB36 40)
---------------------------------------------------------------------------------
Finished Part Resource Summary
---------------------------------------------------------------------------------
---------------------------------------------------------------------------------
Start Cross Boundary and Area Optimization
---------------------------------------------------------------------------------
WARNING: [Synth 8-7080] Parallel synthesis criteria is not met
WARNING: [Synth 8-6040] Register mac_index_reg_rep_rep driving address of a ROM cannot be packed in BRAM/URAM because of presence of initial value.
WARNING: [Synth 8-3917] design top has port cam_reset driven by constant 1
WARNING: [Synth 8-3917] design top has port cam_pwdn driven by constant 0
WARNING: [Synth 8-7129] Port start in module cnn_production is either unconnected or has no load
WARNING: [Synth 8-3332] Sequential element (y_tgt_reg__8) is unused and will be removed from module resize_whole_640x480_to_64x64.
WARNING: [Synth 8-3332] Sequential element (y_tgt_reg__9) is unused and will be removed from module resize_whole_640x480_to_64x64.
WARNING: [Synth 8-3332] Sequential element (y_tgt_reg__10) is unused and will be removed from module resize_whole_640x480_to_64x64.
WARNING: [Synth 8-3332] Sequential element (y_tgt_reg__11) is unused and will be removed from module resize_whole_640x480_to_64x64.
WARNING: [Synth 8-3332] Sequential element (y_tgt_reg__12) is unused and will be removed from module resize_whole_640x480_to_64x64.
WARNING: [Synth 8-3332] Sequential element (y_tgt_reg__13) is unused and will be removed from module resize_whole_640x480_to_64x64.
---------------------------------------------------------------------------------
Finished Cross Boundary and Area Optimization : Time (s): cpu = 00:00:51 ; elapsed = 00:00:53 . Memory (MB): peak = 1645.551 ; gain = 666.715
---------------------------------------------------------------------------------
---------------------------------------------------------------------------------
Start ROM, RAM, DSP, Shift Register and Retiming Reporting
---------------------------------------------------------------------------------

ROM: Preliminary Mapping Report
+---------------+------------+---------------+----------------+
|Module Name    | RTL Object | Depth x Width | Implemented As | 
+---------------+------------+---------------+----------------+
|cnn_production | W          | 4096x8        | LUT            | 
+---------------+------------+---------------+----------------+


Block RAM: Preliminary Mapping Report (see note below)
+------------+------------------+------------------------+---+---+------------------------+---+---+------------------+--------+--------+
|Module Name | RTL Object       | PORT A (Depth x Width) | W | R | PORT B (Depth x Width) | W | R | Ports driving FF | RAMB18 | RAMB36 | 
+------------+------------------+------------------------+---+---+------------------------+---+---+------------------+--------+--------+
|top         | u_gray64/mem_reg | 4 K x 8(NO_CHANGE)     | W |   | 4 K x 8(WRITE_FIRST)   |   | R | Port A and B     | 0      | 1      | 
|top         | u_fb/mem_reg     | 75 K x 16(NO_CHANGE)   | W |   | 75 K x 16(WRITE_FIRST) |   | R | Port A and B     | 0      | 48     | 
+------------+------------------+------------------------+---+---+------------------------+---+---+------------------+--------+--------+

Note: The table above is a preliminary report that shows the Block RAMs at the current stage of the synthesis flow. Some Block RAMs may be reimplemented as non Block RAM primitives later in the synthesis flow. Multiple instantiated Block RAMs are reported only once. 

Distributed RAM: Preliminary Mapping Report (see note below)
+------------+------------+-----------+----------------------+---------------+
|Module Name | RTL Object | Inference | Size (Depth x Width) | Primitives    | 
+------------+------------+-----------+----------------------+---------------+
|u_cnn       | img_reg    | Implied   | 4 K x 8              | RAM64M x 192  | 
+------------+------------+-----------+----------------------+---------------+

Note: The table above is a preliminary report that shows the Distributed RAMs at the current stage of the synthesis flow. Some Distributed RAMs may be reimplemented as non Distributed RAM primitives later in the synthesis flow. Multiple instantiated RAMs are reported only once.
---------------------------------------------------------------------------------
Finished ROM, RAM, DSP, Shift Register and Retiming Reporting
---------------------------------------------------------------------------------
---------------------------------------------------------------------------------
Start Applying XDC Timing Constraints
---------------------------------------------------------------------------------
---------------------------------------------------------------------------------
Finished Applying XDC Timing Constraints : Time (s): cpu = 00:00:54 ; elapsed = 00:00:57 . Memory (MB): peak = 1645.551 ; gain = 666.715
---------------------------------------------------------------------------------
---------------------------------------------------------------------------------
Start Timing Optimization
---------------------------------------------------------------------------------
---------------------------------------------------------------------------------
Finished Timing Optimization : Time (s): cpu = 00:00:54 ; elapsed = 00:00:57 . Memory (MB): peak = 1645.551 ; gain = 666.715
---------------------------------------------------------------------------------
---------------------------------------------------------------------------------
Start ROM, RAM, DSP, Shift Register and Retiming Reporting
---------------------------------------------------------------------------------

Block RAM: Final Mapping Report
+------------+------------------+------------------------+---+---+------------------------+---+---+------------------+--------+--------+
|Module Name | RTL Object       | PORT A (Depth x Width) | W | R | PORT B (Depth x Width) | W | R | Ports driving FF | RAMB18 | RAMB36 | 
+------------+------------------+------------------------+---+---+------------------------+---+---+------------------+--------+--------+
|top         | u_gray64/mem_reg | 4 K x 8(NO_CHANGE)     | W |   | 4 K x 8(WRITE_FIRST)   |   | R | Port A and B     | 0      | 1      | 
|top         | u_fb/mem_reg     | 75 K x 16(NO_CHANGE)   | W |   | 75 K x 16(WRITE_FIRST) |   | R | Port A and B     | 0      | 48     | 
+------------+------------------+------------------------+---+---+------------------------+---+---+------------------+--------+--------+


Distributed RAM: Final Mapping Report
+------------+------------+-----------+----------------------+---------------+
|Module Name | RTL Object | Inference | Size (Depth x Width) | Primitives    | 
+------------+------------+-----------+----------------------+---------------+
|u_cnn       | img_reg    | Implied   | 4 K x 8              | RAM64M x 192  | 
+------------+------------+-----------+----------------------+---------------+

---------------------------------------------------------------------------------
Finished ROM, RAM, DSP, Shift Register and Retiming Reporting
---------------------------------------------------------------------------------
---------------------------------------------------------------------------------
Start Technology Mapping
---------------------------------------------------------------------------------
INFO: [Synth 8-7052] The timing for the instance u_gray64/mem_reg (implemented as a Block RAM) might be sub-optimal as no optional output register could be merged into the ram block. Providing additional output register may help in improving timing.
INFO: [Synth 8-7052] The timing for the instance u_fb/mem_reg_1_1 (implemented as a Block RAM) might be sub-optimal as no optional output register could be merged into the ram block. Providing additional output register may help in improving timing.
INFO: [Synth 8-7052] The timing for the instance u_fb/mem_reg_1_2 (implemented as a Block RAM) might be sub-optimal as no optional output register could be merged into the ram block. Providing additional output register may help in improving timing.
INFO: [Synth 8-7052] The timing for the instance u_fb/mem_reg_1_3 (implemented as a Block RAM) might be sub-optimal as no optional output register could be merged into the ram block. Providing additional output register may help in improving timing.
INFO: [Synth 8-7052] The timing for the instance u_fb/mem_reg_1_4 (implemented as a Block RAM) might be sub-optimal as no optional output register could be merged into the ram block. Providing additional output register may help in improving timing.
INFO: [Synth 8-7052] The timing for the instance u_fb/mem_reg_1_7 (implemented as a Block RAM) might be sub-optimal as no optional output register could be merged into the ram block. Providing additional output register may help in improving timing.
INFO: [Synth 8-7052] The timing for the instance u_fb/mem_reg_1_8 (implemented as a Block RAM) might be sub-optimal as no optional output register could be merged into the ram block. Providing additional output register may help in improving timing.
INFO: [Synth 8-7052] The timing for the instance u_fb/mem_reg_1_9 (implemented as a Block RAM) might be sub-optimal as no optional output register could be merged into the ram block. Providing additional output register may help in improving timing.
INFO: [Synth 8-7052] The timing for the instance u_fb/mem_reg_1_10 (implemented as a Block RAM) might be sub-optimal as no optional output register could be merged into the ram block. Providing additional output register may help in improving timing.
INFO: [Synth 8-7052] The timing for the instance u_fb/mem_reg_1_12 (implemented as a Block RAM) might be sub-optimal as no optional output register could be merged into the ram block. Providing additional output register may help in improving timing.
INFO: [Synth 8-7052] The timing for the instance u_fb/mem_reg_1_13 (implemented as a Block RAM) might be sub-optimal as no optional output register could be merged into the ram block. Providing additional output register may help in improving timing.
INFO: [Synth 8-7052] The timing for the instance u_fb/mem_reg_1_14 (implemented as a Block RAM) might be sub-optimal as no optional output register could be merged into the ram block. Providing additional output register may help in improving timing.
INFO: [Synth 8-7052] The timing for the instance u_fb/mem_reg_1_15 (implemented as a Block RAM) might be sub-optimal as no optional output register could be merged into the ram block. Providing additional output register may help in improving timing.
INFO: [Synth 8-7052] The timing for the instance u_fb/mem_reg_1_1__0 (implemented as a Block RAM) might be sub-optimal as no optional output register could be merged into the ram block. Providing additional output register may help in improving timing.
INFO: [Synth 8-7052] The timing for the instance u_fb/mem_reg_1_2__0 (implemented as a Block RAM) might be sub-optimal as no optional output register could be merged into the ram block. Providing additional output register may help in improving timing.
INFO: [Synth 8-7052] The timing for the instance u_fb/mem_reg_1_3__0 (implemented as a Block RAM) might be sub-optimal as no optional output register could be merged into the ram block. Providing additional output register may help in improving timing.
INFO: [Synth 8-7052] The timing for the instance u_fb/mem_reg_1_4__0 (implemented as a Block RAM) might be sub-optimal as no optional output register could be merged into the ram block. Providing additional output register may help in improving timing.
INFO: [Synth 8-7052] The timing for the instance u_fb/mem_reg_1_7__0 (implemented as a Block RAM) might be sub-optimal as no optional output register could be merged into the ram block. Providing additional output register may help in improving timing.
INFO: [Synth 8-7052] The timing for the instance u_fb/mem_reg_1_8__0 (implemented as a Block RAM) might be sub-optimal as no optional output register could be merged into the ram block. Providing additional output register may help in improving timing.
INFO: [Synth 8-7052] The timing for the instance u_fb/mem_reg_1_9__0 (implemented as a Block RAM) might be sub-optimal as no optional output register could be merged into the ram block. Providing additional output register may help in improving timing.
INFO: [Synth 8-7052] The timing for the instance u_fb/mem_reg_1_10__0 (implemented as a Block RAM) might be sub-optimal as no optional output register could be merged into the ram block. Providing additional output register may help in improving timing.
INFO: [Synth 8-7052] The timing for the instance u_fb/mem_reg_1_12__0 (implemented as a Block RAM) might be sub-optimal as no optional output register could be merged into the ram block. Providing additional output register may help in improving timing.
INFO: [Synth 8-7052] The timing for the instance u_fb/mem_reg_1_13__0 (implemented as a Block RAM) might be sub-optimal as no optional output register could be merged into the ram block. Providing additional output register may help in improving timing.
INFO: [Synth 8-7052] The timing for the instance u_fb/mem_reg_1_14__0 (implemented as a Block RAM) might be sub-optimal as no optional output register could be merged into the ram block. Providing additional output register may help in improving timing.
INFO: [Synth 8-7052] The timing for the instance u_fb/mem_reg_1_15__0 (implemented as a Block RAM) might be sub-optimal as no optional output register could be merged into the ram block. Providing additional output register may help in improving timing.
---------------------------------------------------------------------------------
Finished Technology Mapping : Time (s): cpu = 00:00:55 ; elapsed = 00:00:58 . Memory (MB): peak = 1645.551 ; gain = 666.715
---------------------------------------------------------------------------------
---------------------------------------------------------------------------------
Start IO Insertion
---------------------------------------------------------------------------------
---------------------------------------------------------------------------------
Start Flattening Before IO Insertion
---------------------------------------------------------------------------------
---------------------------------------------------------------------------------
Finished Flattening Before IO Insertion
---------------------------------------------------------------------------------
---------------------------------------------------------------------------------
Start Final Netlist Cleanup
---------------------------------------------------------------------------------
---------------------------------------------------------------------------------
Finished Final Netlist Cleanup
---------------------------------------------------------------------------------
---------------------------------------------------------------------------------
Finished IO Insertion : Time (s): cpu = 00:00:57 ; elapsed = 00:01:00 . Memory (MB): peak = 1645.551 ; gain = 666.715
---------------------------------------------------------------------------------
---------------------------------------------------------------------------------
Start Renaming Generated Instances
---------------------------------------------------------------------------------
---------------------------------------------------------------------------------
Finished Renaming Generated Instances : Time (s): cpu = 00:00:57 ; elapsed = 00:01:00 . Memory (MB): peak = 1645.551 ; gain = 666.715
---------------------------------------------------------------------------------
---------------------------------------------------------------------------------
Start Rebuilding User Hierarchy
---------------------------------------------------------------------------------
---------------------------------------------------------------------------------
Finished Rebuilding User Hierarchy : Time (s): cpu = 00:00:58 ; elapsed = 00:01:00 . Memory (MB): peak = 1645.551 ; gain = 666.715
---------------------------------------------------------------------------------
---------------------------------------------------------------------------------
Start Renaming Generated Ports
---------------------------------------------------------------------------------
---------------------------------------------------------------------------------
Finished Renaming Generated Ports : Time (s): cpu = 00:00:58 ; elapsed = 00:01:00 . Memory (MB): peak = 1645.551 ; gain = 666.715
---------------------------------------------------------------------------------
---------------------------------------------------------------------------------
Start Handling Custom Attributes
---------------------------------------------------------------------------------
---------------------------------------------------------------------------------
Finished Handling Custom Attributes : Time (s): cpu = 00:00:58 ; elapsed = 00:01:00 . Memory (MB): peak = 1645.551 ; gain = 666.715
---------------------------------------------------------------------------------
---------------------------------------------------------------------------------
Start Renaming Generated Nets
---------------------------------------------------------------------------------
---------------------------------------------------------------------------------
Finished Renaming Generated Nets : Time (s): cpu = 00:00:58 ; elapsed = 00:01:00 . Memory (MB): peak = 1645.551 ; gain = 666.715
---------------------------------------------------------------------------------
---------------------------------------------------------------------------------
Start Writing Synthesis Report
---------------------------------------------------------------------------------

Report BlackBoxes: 
+-+--------------+----------+
| |BlackBox name |Instances |
+-+--------------+----------+
+-+--------------+----------+

Report Cell Usage: 
+------+---------+------+
|      |Cell     |Count |
+------+---------+------+
|1     |BUFG     |     3|
|2     |CARRY4   |   111|
|3     |LUT1     |    47|
|4     |LUT2     |   292|
|5     |LUT3     |   114|
|6     |LUT4     |   103|
|7     |LUT5     |   101|
|8     |LUT6     |   725|
|9     |MUXF7    |   209|
|10    |MUXF8    |    91|
|11    |RAM64M   |   192|
|12    |RAMB36E1 |    37|
|16    |FDRE     |   482|
|17    |FDSE     |    13|
|18    |IBUF     |    12|
|19    |OBUF     |    21|
|20    |OBUFT    |     2|
+------+---------+------+
---------------------------------------------------------------------------------
Finished Writing Synthesis Report : Time (s): cpu = 00:00:58 ; elapsed = 00:01:00 . Memory (MB): peak = 1645.551 ; gain = 666.715
---------------------------------------------------------------------------------
Synthesis finished with 0 errors, 0 critical warnings and 12 warnings.
Synthesis Optimization Runtime : Time (s): cpu = 00:00:53 ; elapsed = 00:00:59 . Memory (MB): peak = 1645.551 ; gain = 564.305
Synthesis Optimization Complete : Time (s): cpu = 00:00:58 ; elapsed = 00:01:00 . Memory (MB): peak = 1645.551 ; gain = 666.715
INFO: [Project 1-571] Translating synthesized netlist
Netlist sorting complete. Time (s): cpu = 00:00:00 ; elapsed = 00:00:00.018 . Memory (MB): peak = 1645.551 ; gain = 0.000
INFO: [Netlist 29-17] Analyzing 640 Unisim elements for replacement
INFO: [Netlist 29-28] Unisim Transformation completed in 0 CPU seconds
INFO: [Project 1-570] Preparing netlist for logic optimization
INFO: [Opt 31-138] Pushed 0 inverter(s) to 0 load pin(s).
Netlist sorting complete. Time (s): cpu = 00:00:00 ; elapsed = 00:00:00.001 . Memory (MB): peak = 1645.551 ; gain = 0.000
INFO: [Project 1-111] Unisim Transformation Summary:
  A total of 192 instances were transformed.
  RAM64M => RAM64M (RAMD64E(x4)): 192 instances

The system cannot find the path specified.
Synth Design complete | Checksum: 596c049
INFO: [Common 17-83] Releasing license: Synthesis
73 Infos, 30 Warnings, 1 Critical Warnings and 0 Errors encountered.
synth_design completed successfully
synth_design: Time (s): cpu = 00:01:01 ; elapsed = 00:01:18 . Memory (MB): peak = 1645.551 ; gain = 1072.074
INFO: [runtcl-6] Synthesis results are not added to the cache due to CRITICAL_WARNING
Write ShapeDB Complete: Time (s): cpu = 00:00:00 ; elapsed = 00:00:00.005 . Memory (MB): peak = 1645.551 ; gain = 0.000
INFO: [Common 17-1381] The checkpoint 'C:/Users/eceai/Desktop/bbox/bbox/project_2/project_mvp.runs/synth_1/top.dcp' has been generated.
INFO: [runtcl-4] Executing : report_utilization -file top_utilization_synth.rpt -pb top_utilization_synth.pb
INFO: [Common 17-206] Exiting Vivado at Wed Feb 25 15:34:46 2026...
